INFO : poi.Writer - ------------------------------
INFO : poi.Writer - Start Create Run 4
INFO : poi.Writer - ------------------------------
INFO : poi.Writer - Run 1 : [34, 45, 49, 60, 68, 109]
INFO : poi.Writer - Run 2 : [2, 16, 19, 28, 34, 38, 47, 55, 76, 78, 86, 98]
INFO : poi.Writer - Run 3 : [10, 27, 35, 40, 61, 72, 92, 99]
INFO : poi.Writer - Run 4 : [2, 11, 16, 18, 29, 73, 80, 89]
INFO : poi.Writer - Run 5 : [12, 36, 46, 50, 67, 83, 93]
INFO : poi.Writer - Run 6 : [14, 22, 44, 52, 59, 76]
INFO : poi.Writer - Run 7 : [10, 16, 24, 38, 85]
INFO : poi.Writer - ------------------------------
INFO : poi.Writer - Start Create Run 5
INFO : poi.Writer - ------------------------------
INFO : poi.Writer - Run 1 : [34, 45, 49, 60, 68, 109]
INFO : poi.Writer - Run 2 : [2, 16, 19, 28, 34, 38, 47, 55, 76, 78, 86, 98]
INFO : poi.Writer - Run 3 : [10, 27, 35, 40, 61, 72, 92, 99]
INFO : poi.Writer - Run 4 : [2, 11, 16, 18, 29, 50, 73, 80, 89, 93]
INFO : poi.Writer - Run 5 : [12, 14, 22, 36, 44, 46, 52, 59, 67, 76, 83, 85]
INFO : poi.Writer - Run 6 : [10, 16, 24, 38]
INFO : poi.Writer - ------------------------------
INFO : poi.Writer - Start Create Run 6
INFO : poi.Writer - ------------------------------
INFO : poi.Writer - Run 1 : [2, 34, 38, 45, 47, 49, 60, 68, 109]
INFO : poi.Writer - Run 2 : [16, 19, 28, 34, 35, 40, 55, 76, 78, 86, 92, 98, 99]
INFO : poi.Writer - Run 3 : [2, 10, 11, 16, 27, 29, 61, 72, 73, 80, 89]
INFO : poi.Writer - Run 4 : [12, 18, 22, 36, 46, 50, 52, 59, 67, 83, 93]
INFO : poi.Writer - Run 5 : [10, 14, 16, 24, 38, 44, 76, 85]
