빌드 시작: 2014-06-10 오후 4:19:59
     1>2 노드의 "C:\Users\Francis\git\school3-1\Graphics\Shader\Shader\Shader.vcxproj" 프로젝트(build 대상)입니다.
     1>InitializeBuildStatus:
         "AlwaysCreate"이(가) 지정되었기 때문에 "Debug\Shader.unsuccessfulbuild"을(를) 만들고 있습니다.
       ClCompile:
         c:\Program Files (x86)\Microsoft Visual Studio 10.0\VC\bin\CL.exe /c /ZI /nologo /W3 /WX- /Od /Oy- /D WIN32 /D _DEBUG /D _CONSOLE /D _UNICODE /D UNICODE /Gm /EHsc /RTC1 /MDd /GS /fp:precise /Zc:wchar_t /Zc:forScope /Fo"Debug\\" /Fd"Debug\vc100.pdb" /Gd /TP /analyze- /errorReport:prompt main.cpp
         main.cpp
       ManifestResourceCompile:
         모든 출력이 최신 상태입니다.
       Link:
         c:\Program Files (x86)\Microsoft Visual Studio 10.0\VC\bin\link.exe /ERRORREPORT:PROMPT /OUT:"C:\Users\Francis\git\school3-1\Graphics\Shader\Debug\Shader.exe" /INCREMENTAL /NOLOGO freeglut.lib glew32.lib SOIL.lib kernel32.lib user32.lib gdi32.lib winspool.lib comdlg32.lib advapi32.lib shell32.lib ole32.lib oleaut32.lib uuid.lib odbc32.lib odbccp32.lib /MANIFEST /ManifestFile:"Debug\Shader.exe.intermediate.manifest" /MANIFESTUAC:"level='asInvoker' uiAccess='false'" /DEBUG /PDB:"C:\Users\Francis\git\school3-1\Graphics\Shader\Debug\Shader.pdb" /SUBSYSTEM:CONSOLE /TLBID:1 /DYNAMICBASE /NXCOMPAT /IMPLIB:"C:\Users\Francis\git\school3-1\Graphics\Shader\Debug\Shader.lib" /MACHINE:X86 Debug\Shader.exe.embed.manifest.res
         Debug\main.obj
         SOIL.lib(SOIL.obj) : /GL로 컴파일한 MSIL .netmodule 또는 모듈이 있습니다. /LTCG를 지정하여 링크를 다시 시작하십시오. /LTCG를 링크 명령줄에 추가하면 링커 성능이 향상됩니다.
     1>LINK : warning LNK4075: '/INCREMENTAL'이(가) '/LTCG' 사양으로 인해 무시됩니다.
     1>LINK : warning LNK4098: 'MSVCRT' defaultlib가 다른 라이브러리와 충돌합니다. /NODEFAULTLIB:library를 사용하십시오.
         코드를 생성하고 있습니다.
         코드를 생성했습니다.
       Manifest:
         C:\Program Files (x86)\Microsoft SDKs\Windows\v7.0A\bin\mt.exe /nologo /verbose /out:"Debug\Shader.exe.embed.manifest" /manifest Debug\Shader.exe.intermediate.manifest
         모든 출력이 최신 상태입니다.
       LinkEmbedManifest:
         모든 출력이 최신 상태입니다.
         Shader.vcxproj -> C:\Users\Francis\git\school3-1\Graphics\Shader\Debug\Shader.exe
       FinalizeBuildStatus:
         "Debug\Shader.unsuccessfulbuild" 파일을 삭제하고 있습니다.
         "Debug\Shader.lastbuildstate"에 연결(touching)하고 있습니다.
     1>"C:\Users\Francis\git\school3-1\Graphics\Shader\Shader\Shader.vcxproj" 프로젝트를 빌드했습니다(build 대상).

빌드했습니다.

경과 시간: 00:00:02.11
